     [java] Executing '/usr/local/Cellar/openjdk/18.0.1.1/libexec/openjdk.jdk/Contents/Home/bin/java' with arguments:
'-jar'
'/opt/veracode/VeracodeJavaAPI.jar'
'-action'
'UploadAndScan'
'-vid'
'dd8a37f63ef2ecdbdf6e806195007d0f'
'-vkey'
'ef67607ffd6ffad6e62382862d681b4cdb48aba354b16d57329c34a3cc912b3f9528c9b3423e5caa350496b52e5873629ab67137745523d7a609b31f4feb5952'
'-criticality'
'VeryHigh'
'-createprofile'
'true'
'-version'
'20220614-95021959'
'-appname'
'sca-verademo'
'-filepath'
'//Users//jmok//git//veradessss//app//target//verademo.war'

The ' characters around the executable and arguments are
not part of the command.
     [java] [2022.06.14 09:50:22.255] Transaction ID: [4afe4380-2035-4c5e-8d15-bc968a219893]
     [java] [2022.06.14 09:50:25.683] 
     [java] [2022.06.14 09:50:25.683] Application profile "sca-verademo" (appid=1436958) was located.
     [java] [2022.06.14 09:50:25.684] 
     [java] [2022.06.14 09:50:25.684] Creating a new analysis with name "20220614-95021959".
     [java] [2022.06.14 09:50:30.501] 
     [java] [2022.06.14 09:50:30.501] The analysis id of the new analysis is "19023718".
     [java] [2022.06.14 09:50:30.502] 
     [java] [2022.06.14 09:50:30.502] Uploading: //Users//jmok//git//veradessss//app//target//verademo.war
     [java] [2022.06.14 09:50:36.079] 
     [java] [2022.06.14 09:50:36.079] Starting pre-scan verification for application "sca-verademo" analysis "20220614-95021959".
     [java] [2022.06.14 09:50:38.327] 
     [java] [2022.06.14 09:50:38.327] Scan polling interval is set to the default of 120 seconds.
     [java] [2022.06.14 09:50:38.327] 
     [java] [2022.06.14 09:50:38.327] Application "sca-verademo" analysis "20220614-95021959" will be automatically submitted for scanning if the pre-scan verification is successful.
UploadAndScan:  duration 16 seconds
